<?xml version="1.0" encoding="UTF-8"?>
<!-- Generated by org.testng.reporters.JUnitXMLReporter -->
<testsuite hostname="CH-VVIJAY-L9W10" ignored="0" name="Default test" tests="4" failures="0" timestamp="2021-12-08T23:06:15 CST" time="20.017" errors="0">
  <testcase name="openNewTab" time="6.598" classname="selenium4Project.Selenium4Features"/>
  <testcase name="ScreenShotTest" time="4.521" classname="selenium4Project.Selenium4Features"/>
  <testcase name="openNewWindow" time="4.836" classname="selenium4Project.Selenium4Features"/>
  <testcase name="Location" time="4.016" classname="selenium4Project.Selenium4Features"/>
</testsuite> <!-- Default test -->
